<?xml version="1.0" encoding="UTF-8"?>
<!-- Generated by org.testng.reporters.JUnitReportReporter -->
<testsuite hostname="DESKTOP-PTEQ8SL" failures="0" tests="1" name="JenkinPractice.Demo1Test" time="0.012" errors="0" timestamp="2023-12-18T12:19:42 IST" skipped="0">
  <testcase classname="JenkinPractice.Demo1Test" name="aTest" time="0.012"/>
  <system-out/>
</testsuite> <!-- JenkinPractice.Demo1Test -->
