<?xml version="1.0" encoding="UTF-8"?>
<!-- Generated by org.testng.reporters.JUnitReportReporter -->
<testsuite hostname="DESKTOP-PTEQ8SL" failures="0" tests="1" name="JenkinPractice.Demo1" time="0.069" errors="0" timestamp="2023-12-17T23:33:38 IST" skipped="0">
  <testcase classname="JenkinPractice.Demo1" name="aTest" time="0.069"/>
  <system-out/>
</testsuite> <!-- JenkinPractice.Demo1 -->
